#
# There is insufficient memory for the Java Runtime Environment to continue.
# Native memory allocation (malloc) failed to allocate 34896 bytes for Chunk::new
# Possible reasons:
#   The system is out of physical RAM or swap space
#   The process is running with CompressedOops enabled, and the Java Heap may be blocking the growth of the native heap
# Possible solutions:
#   Reduce memory load on the system
#   Increase physical memory or swap space
#   Check if swap backing store is full
#   Decrease Java heap size (-Xmx/-Xms)
#   Decrease number of Java threads
#   Decrease Java thread stack sizes (-Xss)
#   Set larger code cache with -XX:ReservedCodeCacheSize=
#   JVM is running with Unscaled Compressed Oops mode in which the Java heap is
#     placed in the first 4GB address space. The Java Heap base address is the
#     maximum limit for the native heap growth. Please use -XX:HeapBaseMinAddress
#     to set the Java Heap base and to place the Java Heap above 4GB virtual address.
# This output file may be truncated or incomplete.
#
#  Out of Memory Error (arena.cpp:189), pid=2352, tid=16672
#
# JRE version: Java(TM) SE Runtime Environment (17.0.1+12) (build 17.0.1+12-LTS-39)
# Java VM: Java HotSpot(TM) 64-Bit Server VM (17.0.1+12-LTS-39, mixed mode, sharing, tiered, compressed oops, compressed class ptrs, g1 gc, windows-amd64)
# No core dump will be written. Minidumps are not enabled by default on client versions of Windows
#

---------------  S U M M A R Y ------------

Command Line: -Dclassworlds.conf=C:\Program Files\NetBeans-12.6\netbeans\java\maven\bin\..\bin\m2.conf -Dmaven.home=C:\Program Files\NetBeans-12.6\netbeans\java\maven\bin\.. -Dlibrary.jansi.path=C:\Program Files\NetBeans-12.6\netbeans\java\maven\bin\..\lib\jansi-native -Dmaven.multiModuleProjectDirectory=C:\Users\ASUS PC\Pictures\HUYNHTHIHOA\DUAN1 org.codehaus.plexus.classworlds.launcher.Launcher -Dexec.vmArgs= -Dexec.args=${exec.vmArgs} -classpath %classpath ${exec.mainClass} ${exec.appArgs} -Dexec.executable=C:\Program Files\Java\jdk-17.0.1\bin\java.exe -Dexec.mainClass=edu.poly.duan1.ui.DoiMatKhau -Dexec.classpathScope=runtime -Dexec.appArgs= -Dmaven.ext.class.path=C:\Program Files\NetBeans-12.6\netbeans\java\maven-nblib\netbeans-eventspy.jar -Dfile.encoding=UTF-8 org.codehaus.mojo:exec-maven-plugin:3.0.0:exec

Host: Intel(R) Core(TM) i5-10300H CPU @ 2.50GHz, 8 cores, 7G,  Windows 10 , 64 bit Build 22000 (10.0.22000.1219)
Time: Thu Dec  8 15:34:31 2022 SE Asia Standard Time elapsed time: 0.720482 seconds (0d 0h 0m 0s)

---------------  T H R E A D  ---------------

Current thread (0x000001c6d1b22eb0):  JavaThread "C2 CompilerThread0" daemon [_thread_in_native, id=16672, stack(0x0000004b64c00000,0x0000004b64d00000)]


Current CompileTask:
C2:    720 1643       4       java.lang.reflect.Method::<init> (68 bytes)

Stack: [0x0000004b64c00000,0x0000004b64d00000]
Native frames: (J=compiled Java code, j=interpreted, Vv=VM code, C=native code)
V  [jvm.dll+0x66fa1a]
V  [jvm.dll+0x7ce5a4]
V  [jvm.dll+0x7cfd4e]
V  [jvm.dll+0x7d03b3]
V  [jvm.dll+0x242b05]
V  [jvm.dll+0xaa05b]
V  [jvm.dll+0xaa5ec]
V  [jvm.dll+0x55ac93]
V  [jvm.dll+0x329f80]
V  [jvm.dll+0x3293fa]
V  [jvm.dll+0x215bf1]
V  [jvm.dll+0x215011]
V  [jvm.dll+0x1a168d]
V  [jvm.dll+0x224848]
V  [jvm.dll+0x2229ac]
V  [jvm.dll+0x78435b]
V  [jvm.dll+0x77e91a]
V  [jvm.dll+0x66e845]
C  [ucrtbase.dll+0x26c0c]
C  [KERNEL32.DLL+0x15550]
C  [ntdll.dll+0x485b]


---------------  P R O C E S S  ---------------

Threads class SMR info:
_java_thread_list=0x000001c6d2e9f7c0, length=13, elements={
0x000001c6b3b62dc0, 0x000001c6d1afe990, 0x000001c6d1aff450, 0x000001c6d1b1d380,
0x000001c6d1b1dc40, 0x000001c6d1b1e500, 0x000001c6d1b1edc0, 0x000001c6d1b22eb0,
0x000001c6d1b4b880, 0x000001c6d1b56390, 0x000001c6d25cb370, 0x000001c6d25d0470,
0x000001c6d30608d0
}

Java Threads: ( => current thread )
  0x000001c6b3b62dc0 JavaThread "main" [_thread_in_vm, id=16584, stack(0x0000004b63f00000,0x0000004b64000000)]
  0x000001c6d1afe990 JavaThread "Reference Handler" daemon [_thread_blocked, id=8076, stack(0x0000004b64600000,0x0000004b64700000)]
  0x000001c6d1aff450 JavaThread "Finalizer" daemon [_thread_blocked, id=12904, stack(0x0000004b64700000,0x0000004b64800000)]
  0x000001c6d1b1d380 JavaThread "Signal Dispatcher" daemon [_thread_blocked, id=8560, stack(0x0000004b64800000,0x0000004b64900000)]
  0x000001c6d1b1dc40 JavaThread "Attach Listener" daemon [_thread_blocked, id=16752, stack(0x0000004b64900000,0x0000004b64a00000)]
  0x000001c6d1b1e500 JavaThread "Service Thread" daemon [_thread_blocked, id=15808, stack(0x0000004b64a00000,0x0000004b64b00000)]
  0x000001c6d1b1edc0 JavaThread "Monitor Deflation Thread" daemon [_thread_blocked, id=15748, stack(0x0000004b64b00000,0x0000004b64c00000)]
=>0x000001c6d1b22eb0 JavaThread "C2 CompilerThread0" daemon [_thread_in_native, id=16672, stack(0x0000004b64c00000,0x0000004b64d00000)]
  0x000001c6d1b4b880 JavaThread "C1 CompilerThread0" daemon [_thread_in_native, id=12148, stack(0x0000004b64d00000,0x0000004b64e00000)]
  0x000001c6d1b56390 JavaThread "Sweeper thread" daemon [_thread_blocked, id=12056, stack(0x0000004b64e00000,0x0000004b64f00000)]
  0x000001c6d25cb370 JavaThread "Notification Thread" daemon [_thread_blocked, id=16996, stack(0x0000004b64f00000,0x0000004b65000000)]
  0x000001c6d25d0470 JavaThread "Common-Cleaner" daemon [_thread_blocked, id=14572, stack(0x0000004b65100000,0x0000004b65200000)]
  0x000001c6d30608d0 JavaThread "C2 CompilerThread1" daemon [_thread_in_native, id=2916, stack(0x0000004b65200000,0x0000004b65300000)]

Other Threads:
  0x000001c6d1afa9a0 VMThread "VM Thread" [stack: 0x0000004b64500000,0x0000004b64600000] [id=15960]
  0x000001c6b3bc7bb0 WatcherThread [stack: 0x0000004b65000000,0x0000004b65100000] [id=11548]
  0x000001c6b3ba4c00 GCTaskThread "GC Thread#0" [stack: 0x0000004b64000000,0x0000004b64100000] [id=8400]
  0x000001c6d26d8d70 GCTaskThread "GC Thread#1" [stack: 0x0000004b65300000,0x0000004b65400000] [id=5416]
  0x000001c6d2ed8640 GCTaskThread "GC Thread#2" [stack: 0x0000004b65400000,0x0000004b65500000] [id=13008]
  0x000001c6d3089dd0 GCTaskThread "GC Thread#3" [stack: 0x0000004b65500000,0x0000004b65600000] [id=9816]
  0x000001c6d30600a0 GCTaskThread "GC Thread#4" [stack: 0x0000004b65600000,0x0000004b65700000] [id=9020]
  0x000001c6d3060350 GCTaskThread "GC Thread#5" [stack: 0x0000004b65700000,0x0000004b65800000] [id=13024]
  0x000001c6d30dbd80 GCTaskThread "GC Thread#6" [stack: 0x0000004b65800000,0x0000004b65900000] [id=7984]
  0x000001c6b3bb66c0 ConcurrentGCThread "G1 Main Marker" [stack: 0x0000004b64100000,0x0000004b64200000] [id=9992]
  0x000001c6b3bb7780 ConcurrentGCThread "G1 Conc#0" [stack: 0x0000004b64200000,0x0000004b64300000] [id=12684]
  0x000001c6d19c0090 ConcurrentGCThread "G1 Refine#0" [stack: 0x0000004b64300000,0x0000004b64400000] [id=11728]
  0x000001c6d19c1870 ConcurrentGCThread "G1 Service" [stack: 0x0000004b64400000,0x0000004b64500000] [id=10412]

Threads with active compile tasks:
C2 CompilerThread0      732 1643       4       java.lang.reflect.Method::<init> (68 bytes)
C1 CompilerThread0      732 1666       3       java.lang.invoke.MethodTypeForm::canonicalize (59 bytes)
C2 CompilerThread1      732 1661   !   4       java.util.zip.Inflater::inflate (418 bytes)

VM state: not at safepoint (normal execution)

VM Mutex/Monitor currently owned by a thread: None

Heap address: 0x0000000082800000, size: 2008 MB, Compressed Oops mode: 32-bit

CDS archive(s) mapped at: [0x0000000800000000-0x0000000800bc0000-0x0000000800bc0000), size 12320768, SharedBaseAddress: 0x0000000800000000, ArchiveRelocationMode: 0.
Compressed class space mapped at: 0x0000000800c00000-0x0000000840c00000, reserved size: 1073741824
Narrow klass base: 0x0000000800000000, Narrow klass shift: 0, Narrow klass range: 0x100000000

GC Precious Log:
 CPUs: 8 total, 8 available
 Memory: 8029M
 Large Page Support: Disabled
 NUMA Support: Disabled
 Compressed Oops: Enabled (32-bit)
 Heap Region Size: 1M
 Heap Min Capacity: 8M
 Heap Initial Capacity: 126M
 Heap Max Capacity: 2008M
 Pre-touch: Disabled
 Parallel Workers: 8
 Concurrent Workers: 2
 Concurrent Refinement Workers: 8
 Periodic GC: Disabled

Heap:
 garbage-first heap   total 129024K, used 33309K [0x0000000082800000, 0x0000000100000000)
  region size 1024K, 33 young (33792K), 3 survivors (3072K)
 Metaspace       used 9518K, committed 9728K, reserved 1064960K
  class space    used 1183K, committed 1280K, reserved 1048576K

Heap Regions: E=young(eden), S=young(survivor), O=old, HS=humongous(starts), HC=humongous(continues), CS=collection set, F=free, OA=open archive, CA=closed archive, TAMS=top-at-mark-start (previous, next)
|   0|0x0000000082800000, 0x0000000082887600, 0x0000000082900000| 52%| O|  |TAMS 0x0000000082800000, 0x0000000082800000| Untracked 
|   1|0x0000000082900000, 0x0000000082900000, 0x0000000082a00000|  0%| F|  |TAMS 0x0000000082900000, 0x0000000082900000| Untracked 
|   2|0x0000000082a00000, 0x0000000082a00000, 0x0000000082b00000|  0%| F|  |TAMS 0x0000000082a00000, 0x0000000082a00000| Untracked 
|   3|0x0000000082b00000, 0x0000000082b00000, 0x0000000082c00000|  0%| F|  |TAMS 0x0000000082b00000, 0x0000000082b00000| Untracked 
|   4|0x0000000082c00000, 0x0000000082c00000, 0x0000000082d00000|  0%| F|  |TAMS 0x0000000082c00000, 0x0000000082c00000| Untracked 
|   5|0x0000000082d00000, 0x0000000082d00000, 0x0000000082e00000|  0%| F|  |TAMS 0x0000000082d00000, 0x0000000082d00000| Untracked 
|   6|0x0000000082e00000, 0x0000000082e00000, 0x0000000082f00000|  0%| F|  |TAMS 0x0000000082e00000, 0x0000000082e00000| Untracked 
|   7|0x0000000082f00000, 0x0000000082f00000, 0x0000000083000000|  0%| F|  |TAMS 0x0000000082f00000, 0x0000000082f00000| Untracked 
|   8|0x0000000083000000, 0x0000000083000000, 0x0000000083100000|  0%| F|  |TAMS 0x0000000083000000, 0x0000000083000000| Untracked 
|   9|0x0000000083100000, 0x0000000083100000, 0x0000000083200000|  0%| F|  |TAMS 0x0000000083100000, 0x0000000083100000| Untracked 
|  10|0x0000000083200000, 0x0000000083200000, 0x0000000083300000|  0%| F|  |TAMS 0x0000000083200000, 0x0000000083200000| Untracked 
|  11|0x0000000083300000, 0x0000000083300000, 0x0000000083400000|  0%| F|  |TAMS 0x0000000083300000, 0x0000000083300000| Untracked 
|  12|0x0000000083400000, 0x0000000083400000, 0x0000000083500000|  0%| F|  |TAMS 0x0000000083400000, 0x0000000083400000| Untracked 
|  13|0x0000000083500000, 0x0000000083500000, 0x0000000083600000|  0%| F|  |TAMS 0x0000000083500000, 0x0000000083500000| Untracked 
|  14|0x0000000083600000, 0x0000000083600000, 0x0000000083700000|  0%| F|  |TAMS 0x0000000083600000, 0x0000000083600000| Untracked 
|  15|0x0000000083700000, 0x0000000083700000, 0x0000000083800000|  0%| F|  |TAMS 0x0000000083700000, 0x0000000083700000| Untracked 
|  16|0x0000000083800000, 0x0000000083800000, 0x0000000083900000|  0%| F|  |TAMS 0x0000000083800000, 0x0000000083800000| Untracked 
|  17|0x0000000083900000, 0x0000000083900000, 0x0000000083a00000|  0%| F|  |TAMS 0x0000000083900000, 0x0000000083900000| Untracked 
|  18|0x0000000083a00000, 0x0000000083a00000, 0x0000000083b00000|  0%| F|  |TAMS 0x0000000083a00000, 0x0000000083a00000| Untracked 
|  19|0x0000000083b00000, 0x0000000083b00000, 0x0000000083c00000|  0%| F|  |TAMS 0x0000000083b00000, 0x0000000083b00000| Untracked 
|  20|0x0000000083c00000, 0x0000000083c00000, 0x0000000083d00000|  0%| F|  |TAMS 0x0000000083c00000, 0x0000000083c00000| Untracked 
|  21|0x0000000083d00000, 0x0000000083d00000, 0x0000000083e00000|  0%| F|  |TAMS 0x0000000083d00000, 0x0000000083d00000| Untracked 
|  22|0x0000000083e00000, 0x0000000083e00000, 0x0000000083f00000|  0%| F|  |TAMS 0x0000000083e00000, 0x0000000083e00000| Untracked 
|  23|0x0000000083f00000, 0x0000000083f00000, 0x0000000084000000|  0%| F|  |TAMS 0x0000000083f00000, 0x0000000083f00000| Untracked 
|  24|0x0000000084000000, 0x0000000084000000, 0x0000000084100000|  0%| F|  |TAMS 0x0000000084000000, 0x0000000084000000| Untracked 
|  25|0x0000000084100000, 0x0000000084100000, 0x0000000084200000|  0%| F|  |TAMS 0x0000000084100000, 0x0000000084100000| Untracked 
|  26|0x0000000084200000, 0x0000000084200000, 0x0000000084300000|  0%| F|  |TAMS 0x0000000084200000, 0x0000000084200000| Untracked 
|  27|0x0000000084300000, 0x0000000084300000, 0x0000000084400000|  0%| F|  |TAMS 0x0000000084300000, 0x0000000084300000| Untracked 
|  28|0x0000000084400000, 0x0000000084400000, 0x0000000084500000|  0%| F|  |TAMS 0x0000000084400000, 0x0000000084400000| Untracked 
|  29|0x0000000084500000, 0x0000000084500000, 0x0000000084600000|  0%| F|  |TAMS 0x0000000084500000, 0x0000000084500000| Untracked 
|  30|0x0000000084600000, 0x0000000084600000, 0x0000000084700000|  0%| F|  |TAMS 0x0000000084600000, 0x0000000084600000| Untracked 
|  31|0x0000000084700000, 0x0000000084700000, 0x0000000084800000|  0%| F|  |TAMS 0x0000000084700000, 0x0000000084700000| Untracked 
|  32|0x0000000084800000, 0x0000000084800000, 0x0000000084900000|  0%| F|  |TAMS 0x0000000084800000, 0x0000000084800000| Untracked 
|  33|0x0000000084900000, 0x0000000084900000, 0x0000000084a00000|  0%| F|  |TAMS 0x0000000084900000, 0x0000000084900000| Untracked 
|  34|0x0000000084a00000, 0x0000000084a00000, 0x0000000084b00000|  0%| F|  |TAMS 0x0000000084a00000, 0x0000000084a00000| Untracked 
|  35|0x0000000084b00000, 0x0000000084b00000, 0x0000000084c00000|  0%| F|  |TAMS 0x0000000084b00000, 0x0000000084b00000| Untracked 
|  36|0x0000000084c00000, 0x0000000084c00000, 0x0000000084d00000|  0%| F|  |TAMS 0x0000000084c00000, 0x0000000084c00000| Untracked 
|  37|0x0000000084d00000, 0x0000000084d00000, 0x0000000084e00000|  0%| F|  |TAMS 0x0000000084d00000, 0x0000000084d00000| Untracked 
|  38|0x0000000084e00000, 0x0000000084e00000, 0x0000000084f00000|  0%| F|  |TAMS 0x0000000084e00000, 0x0000000084e00000| Untracked 
|  39|0x0000000084f00000, 0x0000000084f00000, 0x0000000085000000|  0%| F|  |TAMS 0x0000000084f00000, 0x0000000084f00000| Untracked 
|  40|0x0000000085000000, 0x0000000085000000, 0x0000000085100000|  0%| F|  |TAMS 0x0000000085000000, 0x0000000085000000| Untracked 
|  41|0x0000000085100000, 0x0000000085100000, 0x0000000085200000|  0%| F|  |TAMS 0x0000000085100000, 0x0000000085100000| Untracked 
|  42|0x0000000085200000, 0x0000000085200000, 0x0000000085300000|  0%| F|  |TAMS 0x0000000085200000, 0x0000000085200000| Untracked 
|  43|0x0000000085300000, 0x0000000085300000, 0x0000000085400000|  0%| F|  |TAMS 0x0000000085300000, 0x0000000085300000| Untracked 
|  44|0x0000000085400000, 0x0000000085400000, 0x0000000085500000|  0%| F|  |TAMS 0x0000000085400000, 0x0000000085400000| Untracked 
|  45|0x0000000085500000, 0x0000000085500000, 0x0000000085600000|  0%| F|  |TAMS 0x0000000085500000, 0x0000000085500000| Untracked 
|  46|0x0000000085600000, 0x0000000085600000, 0x0000000085700000|  0%| F|  |TAMS 0x0000000085600000, 0x0000000085600000| Untracked 
|  47|0x0000000085700000, 0x0000000085700000, 0x0000000085800000|  0%| F|  |TAMS 0x0000000085700000, 0x0000000085700000| Untracked 
|  48|0x0000000085800000, 0x0000000085800000, 0x0000000085900000|  0%| F|  |TAMS 0x0000000085800000, 0x0000000085800000| Untracked 
|  49|0x0000000085900000, 0x0000000085900000, 0x0000000085a00000|  0%| F|  |TAMS 0x0000000085900000, 0x0000000085900000| Untracked 
|  50|0x0000000085a00000, 0x0000000085a00000, 0x0000000085b00000|  0%| F|  |TAMS 0x0000000085a00000, 0x0000000085a00000| Untracked 
|  51|0x0000000085b00000, 0x0000000085b00000, 0x0000000085c00000|  0%| F|  |TAMS 0x0000000085b00000, 0x0000000085b00000| Untracked 
|  52|0x0000000085c00000, 0x0000000085c00000, 0x0000000085d00000|  0%| F|  |TAMS 0x0000000085c00000, 0x0000000085c00000| Untracked 
|  53|0x0000000085d00000, 0x0000000085d00000, 0x0000000085e00000|  0%| F|  |TAMS 0x0000000085d00000, 0x0000000085d00000| Untracked 
|  54|0x0000000085e00000, 0x0000000085e00000, 0x0000000085f00000|  0%| F|  |TAMS 0x0000000085e00000, 0x0000000085e00000| Untracked 
|  55|0x0000000085f00000, 0x0000000085f00000, 0x0000000086000000|  0%| F|  |TAMS 0x0000000085f00000, 0x0000000085f00000| Untracked 
|  56|0x0000000086000000, 0x0000000086000000, 0x0000000086100000|  0%| F|  |TAMS 0x0000000086000000, 0x0000000086000000| Untracked 
|  57|0x0000000086100000, 0x0000000086100000, 0x0000000086200000|  0%| F|  |TAMS 0x0000000086100000, 0x0000000086100000| Untracked 
|  58|0x0000000086200000, 0x0000000086200000, 0x0000000086300000|  0%| F|  |TAMS 0x0000000086200000, 0x0000000086200000| Untracked 
|  59|0x0000000086300000, 0x0000000086300000, 0x0000000086400000|  0%| F|  |TAMS 0x0000000086300000, 0x0000000086300000| Untracked 
|  60|0x0000000086400000, 0x0000000086400000, 0x0000000086500000|  0%| F|  |TAMS 0x0000000086400000, 0x0000000086400000| Untracked 
|  61|0x0000000086500000, 0x0000000086500000, 0x0000000086600000|  0%| F|  |TAMS 0x0000000086500000, 0x0000000086500000| Untracked 
|  62|0x0000000086600000, 0x0000000086600000, 0x0000000086700000|  0%| F|  |TAMS 0x0000000086600000, 0x0000000086600000| Untracked 
|  63|0x0000000086700000, 0x0000000086700000, 0x0000000086800000|  0%| F|  |TAMS 0x0000000086700000, 0x0000000086700000| Untracked 
|  64|0x0000000086800000, 0x0000000086800000, 0x0000000086900000|  0%| F|  |TAMS 0x0000000086800000, 0x0000000086800000| Untracked 
|  65|0x0000000086900000, 0x0000000086900000, 0x0000000086a00000|  0%| F|  |TAMS 0x0000000086900000, 0x0000000086900000| Untracked 
|  66|0x0000000086a00000, 0x0000000086a00000, 0x0000000086b00000|  0%| F|  |TAMS 0x0000000086a00000, 0x0000000086a00000| Untracked 
|  67|0x0000000086b00000, 0x0000000086b00000, 0x0000000086c00000|  0%| F|  |TAMS 0x0000000086b00000, 0x0000000086b00000| Untracked 
|  68|0x0000000086c00000, 0x0000000086c00000, 0x0000000086d00000|  0%| F|  |TAMS 0x0000000086c00000, 0x0000000086c00000| Untracked 
|  69|0x0000000086d00000, 0x0000000086d00000, 0x0000000086e00000|  0%| F|  |TAMS 0x0000000086d00000, 0x0000000086d00000| Untracked 
|  70|0x0000000086e00000, 0x0000000086e00000, 0x0000000086f00000|  0%| F|  |TAMS 0x0000000086e00000, 0x0000000086e00000| Untracked 
|  71|0x0000000086f00000, 0x0000000086f00000, 0x0000000087000000|  0%| F|  |TAMS 0x0000000086f00000, 0x0000000086f00000| Untracked 
|  72|0x0000000087000000, 0x0000000087000000, 0x0000000087100000|  0%| F|  |TAMS 0x0000000087000000, 0x0000000087000000| Untracked 
|  73|0x0000000087100000, 0x0000000087100000, 0x0000000087200000|  0%| F|  |TAMS 0x0000000087100000, 0x0000000087100000| Untracked 
|  74|0x0000000087200000, 0x0000000087200000, 0x0000000087300000|  0%| F|  |TAMS 0x0000000087200000, 0x0000000087200000| Untracked 
|  75|0x0000000087300000, 0x0000000087300000, 0x0000000087400000|  0%| F|  |TAMS 0x0000000087300000, 0x0000000087300000| Untracked 
|  76|0x0000000087400000, 0x0000000087400000, 0x0000000087500000|  0%| F|  |TAMS 0x0000000087400000, 0x0000000087400000| Untracked 
|  77|0x0000000087500000, 0x0000000087500000, 0x0000000087600000|  0%| F|  |TAMS 0x0000000087500000, 0x0000000087500000| Untracked 
|  78|0x0000000087600000, 0x0000000087600000, 0x0000000087700000|  0%| F|  |TAMS 0x0000000087600000, 0x0000000087600000| Untracked 
|  79|0x0000000087700000, 0x0000000087700000, 0x0000000087800000|  0%| F|  |TAMS 0x0000000087700000, 0x0000000087700000| Untracked 
|  80|0x0000000087800000, 0x0000000087800000, 0x0000000087900000|  0%| F|  |TAMS 0x0000000087800000, 0x0000000087800000| Untracked 
|  81|0x0000000087900000, 0x0000000087900000, 0x0000000087a00000|  0%| F|  |TAMS 0x0000000087900000, 0x0000000087900000| Untracked 
|  82|0x0000000087a00000, 0x0000000087a00000, 0x0000000087b00000|  0%| F|  |TAMS 0x0000000087a00000, 0x0000000087a00000| Untracked 
|  83|0x0000000087b00000, 0x0000000087b00000, 0x0000000087c00000|  0%| F|  |TAMS 0x0000000087b00000, 0x0000000087b00000| Untracked 
|  84|0x0000000087c00000, 0x0000000087c00000, 0x0000000087d00000|  0%| F|  |TAMS 0x0000000087c00000, 0x0000000087c00000| Untracked 
|  85|0x0000000087d00000, 0x0000000087d00000, 0x0000000087e00000|  0%| F|  |TAMS 0x0000000087d00000, 0x0000000087d00000| Untracked 
|  86|0x0000000087e00000, 0x0000000087e00000, 0x0000000087f00000|  0%| F|  |TAMS 0x0000000087e00000, 0x0000000087e00000| Untracked 
|  87|0x0000000087f00000, 0x0000000087f00000, 0x0000000088000000|  0%| F|  |TAMS 0x0000000087f00000, 0x0000000087f00000| Untracked 
|  88|0x0000000088000000, 0x0000000088000000, 0x0000000088100000|  0%| F|  |TAMS 0x0000000088000000, 0x0000000088000000| Untracked 
|  89|0x0000000088100000, 0x0000000088100000, 0x0000000088200000|  0%| F|  |TAMS 0x0000000088100000, 0x0000000088100000| Untracked 
|  90|0x0000000088200000, 0x0000000088200000, 0x0000000088300000|  0%| F|  |TAMS 0x0000000088200000, 0x0000000088200000| Untracked 
|  91|0x0000000088300000, 0x0000000088300000, 0x0000000088400000|  0%| F|  |TAMS 0x0000000088300000, 0x0000000088300000| Untracked 
|  92|0x0000000088400000, 0x0000000088400000, 0x0000000088500000|  0%| F|  |TAMS 0x0000000088400000, 0x0000000088400000| Untracked 
|  93|0x0000000088500000, 0x0000000088581c10, 0x0000000088600000| 50%| E|  |TAMS 0x0000000088500000, 0x0000000088500000| Complete 
|  94|0x0000000088600000, 0x0000000088700000, 0x0000000088700000|100%| E|CS|TAMS 0x0000000088600000, 0x0000000088600000| Complete 
|  95|0x0000000088700000, 0x0000000088800000, 0x0000000088800000|100%| E|CS|TAMS 0x0000000088700000, 0x0000000088700000| Complete 
|  96|0x0000000088800000, 0x0000000088900000, 0x0000000088900000|100%| E|CS|TAMS 0x0000000088800000, 0x0000000088800000| Complete 
|  97|0x0000000088900000, 0x0000000088a00000, 0x0000000088a00000|100%| E|CS|TAMS 0x0000000088900000, 0x0000000088900000| Complete 
|  98|0x0000000088a00000, 0x0000000088b00000, 0x0000000088b00000|100%| E|CS|TAMS 0x0000000088a00000, 0x0000000088a00000| Complete 
|  99|0x0000000088b00000, 0x0000000088c00000, 0x0000000088c00000|100%| E|CS|TAMS 0x0000000088b00000, 0x0000000088b00000| Complete 
| 100|0x0000000088c00000, 0x0000000088d00000, 0x0000000088d00000|100%| S|CS|TAMS 0x0000000088c00000, 0x0000000088c00000| Complete 
| 101|0x0000000088d00000, 0x0000000088e00000, 0x0000000088e00000|100%| S|CS|TAMS 0x0000000088d00000, 0x0000000088d00000| Complete 
| 102|0x0000000088e00000, 0x0000000088f00000, 0x0000000088f00000|100%| S|CS|TAMS 0x0000000088e00000, 0x0000000088e00000| Complete 
| 103|0x0000000088f00000, 0x0000000089000000, 0x0000000089000000|100%| E|CS|TAMS 0x0000000088f00000, 0x0000000088f00000| Complete 
| 104|0x0000000089000000, 0x0000000089100000, 0x0000000089100000|100%| E|CS|TAMS 0x0000000089000000, 0x0000000089000000| Complete 
| 105|0x0000000089100000, 0x0000000089200000, 0x0000000089200000|100%| E|CS|TAMS 0x0000000089100000, 0x0000000089100000| Complete 
| 106|0x0000000089200000, 0x0000000089300000, 0x0000000089300000|100%| E|CS|TAMS 0x0000000089200000, 0x0000000089200000| Complete 
| 107|0x0000000089300000, 0x0000000089400000, 0x0000000089400000|100%| E|CS|TAMS 0x0000000089300000, 0x0000000089300000| Complete 
| 108|0x0000000089400000, 0x0000000089500000, 0x0000000089500000|100%| E|CS|TAMS 0x0000000089400000, 0x0000000089400000| Complete 
| 109|0x0000000089500000, 0x0000000089600000, 0x0000000089600000|100%| E|CS|TAMS 0x0000000089500000, 0x0000000089500000| Complete 
| 110|0x0000000089600000, 0x0000000089700000, 0x0000000089700000|100%| E|CS|TAMS 0x0000000089600000, 0x0000000089600000| Complete 
| 111|0x0000000089700000, 0x0000000089800000, 0x0000000089800000|100%| E|CS|TAMS 0x0000000089700000, 0x0000000089700000| Complete 
| 112|0x0000000089800000, 0x0000000089900000, 0x0000000089900000|100%| E|CS|TAMS 0x0000000089800000, 0x0000000089800000| Complete 
| 113|0x0000000089900000, 0x0000000089a00000, 0x0000000089a00000|100%| E|CS|TAMS 0x0000000089900000, 0x0000000089900000| Complete 
| 114|0x0000000089a00000, 0x0000000089b00000, 0x0000000089b00000|100%| E|CS|TAMS 0x0000000089a00000, 0x0000000089a00000| Complete 
| 115|0x0000000089b00000, 0x0000000089c00000, 0x0000000089c00000|100%| E|CS|TAMS 0x0000000089b00000, 0x0000000089b00000| Complete 
| 116|0x0000000089c00000, 0x0000000089d00000, 0x0000000089d00000|100%| E|CS|TAMS 0x0000000089c00000, 0x0000000089c00000| Complete 
| 117|0x0000000089d00000, 0x0000000089e00000, 0x0000000089e00000|100%| E|CS|TAMS 0x0000000089d00000, 0x0000000089d00000| Complete 
| 118|0x0000000089e00000, 0x0000000089f00000, 0x0000000089f00000|100%| E|CS|TAMS 0x0000000089e00000, 0x0000000089e00000| Complete 
| 119|0x0000000089f00000, 0x000000008a000000, 0x000000008a000000|100%| E|CS|TAMS 0x0000000089f00000, 0x0000000089f00000| Complete 
| 120|0x000000008a000000, 0x000000008a100000, 0x000000008a100000|100%| E|CS|TAMS 0x000000008a000000, 0x000000008a000000| Complete 
| 121|0x000000008a100000, 0x000000008a200000, 0x000000008a200000|100%| E|CS|TAMS 0x000000008a100000, 0x000000008a100000| Complete 
| 122|0x000000008a200000, 0x000000008a300000, 0x000000008a300000|100%| E|CS|TAMS 0x000000008a200000, 0x000000008a200000| Complete 
| 123|0x000000008a300000, 0x000000008a400000, 0x000000008a400000|100%| E|CS|TAMS 0x000000008a300000, 0x000000008a300000| Complete 
| 124|0x000000008a400000, 0x000000008a500000, 0x000000008a500000|100%| E|CS|TAMS 0x000000008a400000, 0x000000008a400000| Complete 
| 125|0x000000008a500000, 0x000000008a600000, 0x000000008a600000|100%| E|CS|TAMS 0x000000008a500000, 0x000000008a500000| Complete 

Card table byte_map: [0x000001c6caa90000,0x000001c6cae80000] _byte_map_base: 0x000001c6ca67c000

Marking Bits (Prev, Next): (CMBitMap*) 0x000001c6b3ba6130, (CMBitMap*) 0x000001c6b3ba6170
 Prev Bits: [0x000001c6cb270000, 0x000001c6cd1d0000)
 Next Bits: [0x000001c6cd1d0000, 0x000001c6cf130000)

Polling page: 0x000001c6b1b50000

Metaspace:

Usage:
  Non-class:      8.15 MB used.
      Class:      1.16 MB used.
       Both:      9.31 MB used.

Virtual space:
  Non-class space:       16.00 MB reserved,       8.25 MB ( 52%) committed,  2 nodes.
      Class space:        1.00 GB reserved,       1.25 MB ( <1%) committed,  1 nodes.
             Both:        1.02 GB reserved,       9.50 MB ( <1%) committed. 

Chunk freelists:
   Non-Class:  1.77 MB
       Class:  2.73 MB
        Both:  4.50 MB

MaxMetaspaceSize: unlimited
CompressedClassSpaceSize: 1.00 GB
Initial GC threshold: 21.00 MB
Current GC threshold: 21.00 MB
CDS: on
MetaspaceReclaimPolicy: balanced
 - commit_granule_bytes: 65536.
 - commit_granule_words: 8192.
 - virtual_space_node_default_size: 1048576.
 - enlarge_chunks_in_place: 1.
 - new_chunks_are_fully_committed: 0.
 - uncommit_free_chunks: 1.
 - use_allocation_guard: 0.
 - handle_deallocations: 1.


Internal statistics:

num_allocs_failed_limit: 0.
num_arena_births: 30.
num_arena_deaths: 0.
num_vsnodes_births: 3.
num_vsnodes_deaths: 0.
num_space_committed: 152.
num_space_uncommitted: 0.
num_chunks_returned_to_freelist: 0.
num_chunks_taken_from_freelist: 354.
num_chunk_merges: 0.
num_chunk_splits: 260.
num_chunks_enlarged: 216.
num_purges: 0.
num_inconsistent_stats: 0.

CodeHeap 'non-profiled nmethods': size=120000Kb used=652Kb max_used=652Kb free=119348Kb
 bounds [0x000001c6c2e40000, 0x000001c6c30b0000, 0x000001c6ca370000]
CodeHeap 'profiled nmethods': size=120000Kb used=3247Kb max_used=3247Kb free=116752Kb
 bounds [0x000001c6bb910000, 0x000001c6bbc40000, 0x000001c6c2e40000]
CodeHeap 'non-nmethods': size=5760Kb used=1157Kb max_used=1186Kb free=4602Kb
 bounds [0x000001c6bb370000, 0x000001c6bb5e0000, 0x000001c6bb910000]
 total_blobs=2128 nmethods=1686 adapters=354
 compilation: enabled
              stopped_count=0, restarted_count=0
 full_count=0

Compilation events (20 events):
Event: 0.715 Thread 0x000001c6d1b4b880 1629       1       com.google.common.collect.RegularImmutableSet::isPartialView (2 bytes)
Event: 0.715 Thread 0x000001c6d1b4b880 nmethod 1629 0x000001c6c2edd790 code [0x000001c6c2edd920, 0x000001c6c2edd9f8]
Event: 0.715 Thread 0x000001c6d1b4b880 1630       3       java.util.HashSet::size (8 bytes)
Event: 0.715 Thread 0x000001c6d1b22eb0 1631       4       sun.misc.Unsafe::compareAndSwapObject (13 bytes)
Event: 0.715 Thread 0x000001c6d1b4b880 nmethod 1630 0x000001c6bbc24790 code [0x000001c6bbc24920, 0x000001c6bbc24ad8]
Event: 0.715 Thread 0x000001c6d1b4b880 1632       3       com.google.common.cache.LocalCache$Segment::postWriteCleanup (5 bytes)
Event: 0.715 Thread 0x000001c6d1b4b880 nmethod 1632 0x000001c6bbc24b90 code [0x000001c6bbc24d60, 0x000001c6bbc25128]
Event: 0.715 Thread 0x000001c6d1b4b880 1633       3       java.util.HashSet::<init> (18 bytes)
Event: 0.715 Thread 0x000001c6d1b4b880 nmethod 1633 0x000001c6bbc25290 code [0x000001c6bbc25460, 0x000001c6bbc25808]
Event: 0.715 Thread 0x000001c6d1b4b880 1634       3       java.util.LinkedHashMap::<init> (12 bytes)
Event: 0.715 Thread 0x000001c6d1b4b880 nmethod 1634 0x000001c6bbc25990 code [0x000001c6bbc25b20, 0x000001c6bbc25c68]
Event: 0.715 Thread 0x000001c6d1b4b880 1635       3       org.eclipse.sisu.bean.LifecycleBuilder::isCandidateMethod (50 bytes)
Event: 0.716 Thread 0x000001c6d1b22eb0 nmethod 1631 0x000001c6c2edda90 code [0x000001c6c2eddc00, 0x000001c6c2eddd58]
Event: 0.716 Thread 0x000001c6d1b4b880 nmethod 1635 0x000001c6bbc25d10 code [0x000001c6bbc25f20, 0x000001c6bbc26708]
Event: 0.716 Thread 0x000001c6d1b4b880 1637   !   3       com.google.common.cache.LocalCache$Segment::lockedGetOrLoad (447 bytes)
Event: 0.716 Thread 0x000001c6d30608d0 1640       4       java.lang.reflect.Method::copy (84 bytes)
Event: 0.716 Thread 0x000001c6d1b22eb0 1643       4       java.lang.reflect.Method::<init> (68 bytes)
Event: 0.718 Thread 0x000001c6d30608d0 nmethod 1640 0x000001c6c2edde10 code [0x000001c6c2eddfa0, 0x000001c6c2ede2b8]
Event: 0.718 Thread 0x000001c6d30608d0 1644       4       java.util.ArrayList$Itr::hasNext (20 bytes)
Event: 0.718 Thread 0x000001c6d30608d0 nmethod 1644 0x000001c6c2ede390 code [0x000001c6c2ede500, 0x000001c6c2ede598]

GC Heap History (2 events):
Event: 0.340 GC heap before
{Heap before GC invocations=0 (full 0):
 garbage-first heap   total 129024K, used 22528K [0x0000000082800000, 0x0000000100000000)
  region size 1024K, 23 young (23552K), 0 survivors (0K)
 Metaspace       used 4788K, committed 4928K, reserved 1056768K
  class space    used 560K, committed 640K, reserved 1048576K
}
Event: 0.344 GC heap after
{Heap after GC invocations=1 (full 0):
 garbage-first heap   total 129024K, used 3613K [0x0000000082800000, 0x0000000100000000)
  region size 1024K, 3 young (3072K), 3 survivors (3072K)
 Metaspace       used 4788K, committed 4928K, reserved 1056768K
  class space    used 560K, committed 640K, reserved 1048576K
}

Deoptimization events (20 events):
Event: 0.395 Thread 0x000001c6b3b62dc0 DEOPT PACKING pc=0x000001c6c2ea73c8 sp=0x0000004b63ffd750
Event: 0.395 Thread 0x000001c6b3b62dc0 DEOPT UNPACKING pc=0x000001c6bb3c23a3 sp=0x0000004b63ffd6d8 mode 2
Event: 0.395 Thread 0x000001c6b3b62dc0 Uncommon trap: trap_request=0xffffffde fr.pc=0x000001c6c2ea73c8 relative=0x0000000000000128
Event: 0.395 Thread 0x000001c6b3b62dc0 Uncommon trap: reason=class_check action=maybe_recompile pc=0x000001c6c2ea73c8 method=jdk.internal.misc.Unsafe.allocateUninitializedArray(Ljava/lang/Class;I)Ljava/lang/Object; @ 51 c2
Event: 0.395 Thread 0x000001c6b3b62dc0 DEOPT PACKING pc=0x000001c6c2ea73c8 sp=0x0000004b63ffd5b0
Event: 0.395 Thread 0x000001c6b3b62dc0 DEOPT UNPACKING pc=0x000001c6bb3c23a3 sp=0x0000004b63ffd538 mode 2
Event: 0.395 Thread 0x000001c6b3b62dc0 Uncommon trap: trap_request=0xffffffde fr.pc=0x000001c6c2ea73c8 relative=0x0000000000000128
Event: 0.395 Thread 0x000001c6b3b62dc0 Uncommon trap: reason=class_check action=maybe_recompile pc=0x000001c6c2ea73c8 method=jdk.internal.misc.Unsafe.allocateUninitializedArray(Ljava/lang/Class;I)Ljava/lang/Object; @ 51 c2
Event: 0.395 Thread 0x000001c6b3b62dc0 DEOPT PACKING pc=0x000001c6c2ea73c8 sp=0x0000004b63ffd620
Event: 0.395 Thread 0x000001c6b3b62dc0 DEOPT UNPACKING pc=0x000001c6bb3c23a3 sp=0x0000004b63ffd5a8 mode 2
Event: 0.395 Thread 0x000001c6b3b62dc0 Uncommon trap: trap_request=0xffffffde fr.pc=0x000001c6c2ea73c8 relative=0x0000000000000128
Event: 0.395 Thread 0x000001c6b3b62dc0 Uncommon trap: reason=class_check action=maybe_recompile pc=0x000001c6c2ea73c8 method=jdk.internal.misc.Unsafe.allocateUninitializedArray(Ljava/lang/Class;I)Ljava/lang/Object; @ 51 c2
Event: 0.395 Thread 0x000001c6b3b62dc0 DEOPT PACKING pc=0x000001c6c2ea73c8 sp=0x0000004b63ffd310
Event: 0.395 Thread 0x000001c6b3b62dc0 DEOPT UNPACKING pc=0x000001c6bb3c23a3 sp=0x0000004b63ffd298 mode 2
Event: 0.432 Thread 0x000001c6b3b62dc0 DEOPT PACKING pc=0x000001c6bb94cf08 sp=0x0000004b63ffd630
Event: 0.432 Thread 0x000001c6b3b62dc0 DEOPT UNPACKING pc=0x000001c6bb3c2b43 sp=0x0000004b63ffcb38 mode 0
Event: 0.436 Thread 0x000001c6b3b62dc0 Uncommon trap: trap_request=0xffffff45 fr.pc=0x000001c6c2ea95d4 relative=0x0000000000000334
Event: 0.436 Thread 0x000001c6b3b62dc0 Uncommon trap: reason=unstable_if action=reinterpret pc=0x000001c6c2ea95d4 method=java.lang.String.<init>([CIILjava/lang/Void;)V @ 5 c2
Event: 0.436 Thread 0x000001c6b3b62dc0 DEOPT PACKING pc=0x000001c6c2ea95d4 sp=0x0000004b63ffd9b0
Event: 0.436 Thread 0x000001c6b3b62dc0 DEOPT UNPACKING pc=0x000001c6bb3c23a3 sp=0x0000004b63ffd970 mode 2

Classes unloaded (0 events):
No events

Classes redefined (0 events):
No events

Internal exceptions (1 events):
Event: 0.270 Thread 0x000001c6b3b62dc0 Exception <a 'java/lang/NoSuchMethodError'{0x00000000897a91b0}: 'java.lang.Object java.lang.invoke.DirectMethodHandle$Holder.newInvokeSpecial(java.lang.Object, java.lang.Object, java.lang.Object, java.lang.Object, java.lang.Object)'> (0x00000000897a91b0) 
thrown [t:\workspace\open\src\hotspot\share\interpreter\linkResolver.cpp, line 766]

VM Operations (20 events):
Event: 0.086 Executing VM operation: HandshakeAllThreads
Event: 0.086 Executing VM operation: HandshakeAllThreads done
Event: 0.106 Executing VM operation: HandshakeAllThreads
Event: 0.106 Executing VM operation: HandshakeAllThreads done
Event: 0.150 Executing VM operation: HandshakeAllThreads
Event: 0.150 Executing VM operation: HandshakeAllThreads done
Event: 0.340 Executing VM operation: G1CollectForAllocation
Event: 0.344 Executing VM operation: G1CollectForAllocation done
Event: 0.518 Executing VM operation: HandshakeAllThreads
Event: 0.518 Executing VM operation: HandshakeAllThreads done
Event: 0.540 Executing VM operation: HandshakeAllThreads
Event: 0.540 Executing VM operation: HandshakeAllThreads done
Event: 0.542 Executing VM operation: HandshakeAllThreads
Event: 0.542 Executing VM operation: HandshakeAllThreads done
Event: 0.661 Executing VM operation: ICBufferFull
Event: 0.661 Executing VM operation: ICBufferFull done
Event: 0.682 Executing VM operation: HandshakeAllThreads
Event: 0.682 Executing VM operation: HandshakeAllThreads done
Event: 0.683 Executing VM operation: HandshakeAllThreads
Event: 0.683 Executing VM operation: HandshakeAllThreads done

Events (20 events):
Event: 0.624 loading class java/nio/channels/ReadableByteChannel
Event: 0.624 loading class java/nio/channels/Channel
Event: 0.624 loading class java/nio/channels/Channel done
Event: 0.624 loading class java/nio/channels/ReadableByteChannel done
Event: 0.624 loading class java/nio/channels/WritableByteChannel
Event: 0.624 loading class java/nio/channels/WritableByteChannel done
Event: 0.635 loading class sun/reflect/generics/scope/ConstructorScope
Event: 0.635 loading class sun/reflect/generics/scope/ConstructorScope done
Event: 0.635 loading class sun/reflect/generics/repository/ConstructorRepository
Event: 0.635 loading class sun/reflect/generics/repository/ConstructorRepository done
Event: 0.635 loading class sun/reflect/generics/tree/VoidDescriptor
Event: 0.635 loading class sun/reflect/generics/tree/VoidDescriptor done
Event: 0.635 loading class sun/reflect/generics/tree/MethodTypeSignature
Event: 0.636 loading class sun/reflect/generics/tree/MethodTypeSignature done
Event: 0.647 loading class sun/reflect/generics/repository/FieldRepository
Event: 0.647 loading class sun/reflect/generics/repository/FieldRepository done
Event: 0.707 loading class sun/reflect/generics/scope/MethodScope
Event: 0.707 loading class sun/reflect/generics/scope/MethodScope done
Event: 0.707 loading class sun/reflect/generics/repository/MethodRepository
Event: 0.707 loading class sun/reflect/generics/repository/MethodRepository done


Dynamic libraries:
0x00007ff735220000 - 0x00007ff735230000 	C:\Program Files\Java\jdk-17.0.1\bin\java.exe
0x00007ffd682c0000 - 0x00007ffd684c9000 	C:\WINDOWS\SYSTEM32\ntdll.dll
0x00007ffd670c0000 - 0x00007ffd6717e000 	C:\WINDOWS\System32\KERNEL32.DLL
0x00007ffd65dc0000 - 0x00007ffd6613b000 	C:\WINDOWS\System32\KERNELBASE.dll
0x00007ffd657c0000 - 0x00007ffd658d1000 	C:\WINDOWS\System32\ucrtbase.dll
0x00007ffd61c40000 - 0x00007ffd61c5a000 	C:\Program Files\Java\jdk-17.0.1\bin\VCRUNTIME140.dll
0x00007ffd5fe90000 - 0x00007ffd5fea8000 	C:\Program Files\Java\jdk-17.0.1\bin\jli.dll
0x00007ffd67c60000 - 0x00007ffd67d0e000 	C:\WINDOWS\System32\ADVAPI32.dll
0x00007ffd681d0000 - 0x00007ffd68273000 	C:\WINDOWS\System32\msvcrt.dll
0x00007ffd66690000 - 0x00007ffd6672e000 	C:\WINDOWS\System32\sechost.dll
0x00007ffd67520000 - 0x00007ffd67640000 	C:\WINDOWS\System32\RPCRT4.dll
0x00007ffd67dc0000 - 0x00007ffd67f6d000 	C:\WINDOWS\System32\USER32.dll
0x00007ffd52070000 - 0x00007ffd52315000 	C:\WINDOWS\WinSxS\amd64_microsoft.windows.common-controls_6595b64144ccf1df_6.0.22000.120_none_9d947278b86cc467\COMCTL32.dll
0x00007ffd65790000 - 0x00007ffd657b6000 	C:\WINDOWS\System32\win32u.dll
0x00007ffd66730000 - 0x00007ffd66759000 	C:\WINDOWS\System32\GDI32.dll
0x00007ffd65af0000 - 0x00007ffd65c08000 	C:\WINDOWS\System32\gdi32full.dll
0x00007ffd658e0000 - 0x00007ffd6597d000 	C:\WINDOWS\System32\msvcp_win.dll
0x00007ffd5e310000 - 0x00007ffd5e31a000 	C:\WINDOWS\SYSTEM32\VERSION.dll
0x00007ffd68130000 - 0x00007ffd68162000 	C:\WINDOWS\System32\IMM32.DLL
0x00007ffd61cb0000 - 0x00007ffd61cbc000 	C:\Program Files\Java\jdk-17.0.1\bin\vcruntime140_1.dll
0x00007ffd44fd0000 - 0x00007ffd4505d000 	C:\Program Files\Java\jdk-17.0.1\bin\msvcp140.dll
0x00007ffd12100000 - 0x00007ffd12cbe000 	C:\Program Files\Java\jdk-17.0.1\bin\server\jvm.dll
0x00007ffd66610000 - 0x00007ffd66618000 	C:\WINDOWS\System32\PSAPI.DLL
0x00007ffd506f0000 - 0x00007ffd506f9000 	C:\WINDOWS\SYSTEM32\WSOCK32.dll
0x00007ffd5ec60000 - 0x00007ffd5ec93000 	C:\WINDOWS\SYSTEM32\WINMM.dll
0x00007ffd67d50000 - 0x00007ffd67dbf000 	C:\WINDOWS\System32\WS2_32.dll
0x00007ffd64900000 - 0x00007ffd64918000 	C:\WINDOWS\SYSTEM32\kernel.appcore.dll
0x00007ffd61c00000 - 0x00007ffd61c0a000 	C:\Program Files\Java\jdk-17.0.1\bin\jimage.dll
0x00007ffd63260000 - 0x00007ffd63481000 	C:\WINDOWS\SYSTEM32\DBGHELP.DLL
0x00007ffd4c0a0000 - 0x00007ffd4c0d1000 	C:\WINDOWS\SYSTEM32\dbgcore.DLL
0x00007ffd65c80000 - 0x00007ffd65cff000 	C:\WINDOWS\System32\bcryptPrimitives.dll
0x00007ffd59180000 - 0x00007ffd591a5000 	C:\Program Files\Java\jdk-17.0.1\bin\java.dll
0x00007ffd45060000 - 0x00007ffd45136000 	C:\Program Files\Java\jdk-17.0.1\bin\svml.dll
0x00007ffd668f0000 - 0x00007ffd670a8000 	C:\WINDOWS\System32\SHELL32.dll
0x00007ffd63890000 - 0x00007ffd640f5000 	C:\WINDOWS\SYSTEM32\windows.storage.dll
0x00007ffd66140000 - 0x00007ffd664b8000 	C:\WINDOWS\System32\combase.dll
0x00007ffd63720000 - 0x00007ffd63886000 	C:\WINDOWS\SYSTEM32\wintypes.dll
0x00007ffd664c0000 - 0x00007ffd665aa000 	C:\WINDOWS\System32\SHCORE.dll
0x00007ffd66630000 - 0x00007ffd6668d000 	C:\WINDOWS\System32\shlwapi.dll
0x00007ffd656c0000 - 0x00007ffd656e1000 	C:\WINDOWS\SYSTEM32\profapi.dll
0x00007ffd60980000 - 0x00007ffd60999000 	C:\Program Files\Java\jdk-17.0.1\bin\net.dll
0x00007ffd5fef0000 - 0x00007ffd60004000 	C:\WINDOWS\SYSTEM32\WINHTTP.dll
0x00007ffd64da0000 - 0x00007ffd64e07000 	C:\WINDOWS\system32\mswsock.dll
0x00007ffd5fe70000 - 0x00007ffd5fe85000 	C:\Program Files\Java\jdk-17.0.1\bin\nio.dll
0x00007ffd5e350000 - 0x00007ffd5e368000 	C:\Program Files\Java\jdk-17.0.1\bin\zip.dll
0x00007ffd61be0000 - 0x00007ffd61bf0000 	C:\Program Files\Java\jdk-17.0.1\bin\verify.dll
0x00007ffd61cc0000 - 0x00007ffd61cca000 	C:\Program Files\NetBeans-12.6\netbeans\java\maven\lib\jansi-native\windows64\jansi.dll

dbghelp: loaded successfully - version: 4.0.5 - missing functions: none
symbol engine: initialized successfully - sym options: 0x614 - pdb path: .;C:\Program Files\Java\jdk-17.0.1\bin;C:\WINDOWS\SYSTEM32;C:\WINDOWS\WinSxS\amd64_microsoft.windows.common-controls_6595b64144ccf1df_6.0.22000.120_none_9d947278b86cc467;C:\Program Files\Java\jdk-17.0.1\bin\server;C:\Program Files\NetBeans-12.6\netbeans\java\maven\lib\jansi-native\windows64

VM Arguments:
jvm_args: -Dclassworlds.conf=C:\Program Files\NetBeans-12.6\netbeans\java\maven\bin\..\bin\m2.conf -Dmaven.home=C:\Program Files\NetBeans-12.6\netbeans\java\maven\bin\.. -Dlibrary.jansi.path=C:\Program Files\NetBeans-12.6\netbeans\java\maven\bin\..\lib\jansi-native -Dmaven.multiModuleProjectDirectory=C:\Users\ASUS PC\Pictures\HUYNHTHIHOA\DUAN1 
java_command: org.codehaus.plexus.classworlds.launcher.Launcher -Dexec.vmArgs= -Dexec.args=${exec.vmArgs} -classpath %classpath ${exec.mainClass} ${exec.appArgs} -Dexec.executable=C:\Program Files\Java\jdk-17.0.1\bin\java.exe -Dexec.mainClass=edu.poly.duan1.ui.DoiMatKhau -Dexec.classpathScope=runtime -Dexec.appArgs= -Dmaven.ext.class.path=C:\Program Files\NetBeans-12.6\netbeans\java\maven-nblib\netbeans-eventspy.jar -Dfile.encoding=UTF-8 org.codehaus.mojo:exec-maven-plugin:3.0.0:exec
java_class_path (initial): C:\Program Files\NetBeans-12.6\netbeans\java\maven\bin\..\boot\plexus-classworlds-2.6.0.jar
Launcher Type: SUN_STANDARD

[Global flags]
     intx CICompilerCount                          = 4                                         {product} {ergonomic}
     uint ConcGCThreads                            = 2                                         {product} {ergonomic}
     uint G1ConcRefinementThreads                  = 8                                         {product} {ergonomic}
   size_t G1HeapRegionSize                         = 1048576                                   {product} {ergonomic}
    uintx GCDrainStackTargetSize                   = 64                                        {product} {ergonomic}
   size_t InitialHeapSize                          = 132120576                                 {product} {ergonomic}
   size_t MarkStackSize                            = 4194304                                   {product} {ergonomic}
   size_t MaxHeapSize                              = 2105540608                                {product} {ergonomic}
   size_t MaxNewSize                               = 1262485504                                {product} {ergonomic}
   size_t MinHeapDeltaBytes                        = 1048576                                   {product} {ergonomic}
   size_t MinHeapSize                              = 8388608                                   {product} {ergonomic}
    uintx NonNMethodCodeHeapSize                   = 5839372                                {pd product} {ergonomic}
    uintx NonProfiledCodeHeapSize                  = 122909434                              {pd product} {ergonomic}
    uintx ProfiledCodeHeapSize                     = 122909434                              {pd product} {ergonomic}
    uintx ReservedCodeCacheSize                    = 251658240                              {pd product} {ergonomic}
     bool SegmentedCodeCache                       = true                                      {product} {ergonomic}
   size_t SoftMaxHeapSize                          = 2105540608                             {manageable} {ergonomic}
     bool UseCompressedClassPointers               = true                           {product lp64_product} {ergonomic}
     bool UseCompressedOops                        = true                           {product lp64_product} {ergonomic}
     bool UseG1GC                                  = true                                      {product} {ergonomic}
     bool UseLargePagesIndividualAllocation        = false                                  {pd product} {ergonomic}

Logging:
Log output configuration:
 #0: stdout all=warning uptime,level,tags
 #1: stderr all=off uptime,level,tags

Environment Variables:
JAVA_HOME=C:\Program Files\Java\jdk-17.0.1
PATH=C:\Program Files\Common Files\Oracle\Java\javapath;C:\Windows\system32;C:\Windows;C:\Windows\System32\Wbem;C:\Windows\System32\WindowsPowerShell\v1.0\;C:\Windows\System32\OpenSSH\;C:\Program Files (x86)\NVIDIA Corporation\PhysX\Common;C:\Program Files\NVIDIA Corporation\NVIDIA NvDLISR;C:\WINDOWS\system32;C:\WINDOWS;C:\WINDOWS\System32\Wbem;C:\WINDOWS\System32\WindowsPowerShell\v1.0\;C:\WINDOWS\System32\OpenSSH\;C:\Program Files\Microsoft SQL Server\Client SDK\ODBC\170\Tools\Binn\;C:\Program Files (x86)\Microsoft SQL Server\150\Tools\Binn\;C:\Program Files\Microsoft SQL Server\150\Tools\Binn\;C:\Program Files\Microsoft SQL Server\150\DTS\Binn\;C:\Program Files (x86)\Microsoft SQL Server\150\DTS\Binn\;C:\Program Files\Azure Data Studio\bin;C:\Users\ASUS PC\AppData\Local\Microsoft\WindowsApps;;C:\Users\ASUS PC\AppData\Local\Programs\Microsoft VS Code\bin;C:\Program Files\Azure Data Studio\bin
USERNAME=ASUS PC
OS=Windows_NT
PROCESSOR_IDENTIFIER=Intel64 Family 6 Model 165 Stepping 2, GenuineIntel



---------------  S Y S T E M  ---------------

OS:
 Windows 10 , 64 bit Build 22000 (10.0.22000.1219)
OS uptime: 2 days 19:29 hours

CPU: total 8 (initial active 8) (4 cores per cpu, 2 threads per core) family 6 model 165 stepping 2 microcode 0xe0, cx8, cmov, fxsr, ht, mmx, 3dnowpref, sse, sse2, sse3, ssse3, sse4.1, sse4.2, popcnt, lzcnt, tsc, tscinvbit, avx, avx2, aes, erms, clmul, bmi1, bmi2, adx, fma, vzeroupper, clflush, clflushopt

Memory: 4k page, system-wide physical 8029M (490M free)
TotalPageFile size 26797M (AvailPageFile size 2M)
current process WorkingSet (physical memory assigned to process): 92M, peak: 92M
current process commit charge ("private bytes"): 230M, peak: 230M

vm_info: Java HotSpot(TM) 64-Bit Server VM (17.0.1+12-LTS-39) for windows-amd64 JRE (17.0.1+12-LTS-39), built on Sep 27 2021 18:41:35 by "mach5one" with MS VC++ 16.8 (VS2019)

END.
